Timestamp|BallId|PositionX|PositionY|VelocityX|VelocityY|Mass|Radius
2026-06-08 20:28:27.992|3|296,4403|21,3108|-2,6086|-2,0519|5,0000|10,0000
2026-06-08 20:28:27.999|2|354,1913|89,3164|0,8117|1,1274|5,0000|10,0000
2026-06-08 20:28:27.999|4|220,4118|177,6774|-1,4645|1,7971|5,0000|10,0000
2026-06-08 20:28:27.999|1|286,6289|296,6261|-1,2738|2,4246|5,0000|10,0000
2026-06-08 20:28:27.999|0|129,5452|166,9944|-2,7298|-2,3070|5,0000|10,0000
2026-06-08 20:28:28.018|4|218,9473|179,4745|-1,4645|1,7971|5,0000|10,0000
2026-06-08 20:28:28.018|2|355,0031|90,4438|0,8117|1,1274|5,0000|10,0000
2026-06-08 20:28:28.018|0|126,8154|164,6874|-2,7298|-2,3070|5,0000|10,0000
2026-06-08 20:28:28.018|3|293,8317|19,2589|-2,6086|-2,0519|5,0000|10,0000
2026-06-08 20:28:28.018|1|285,3551|299,0507|-1,2738|2,4246|5,0000|10,0000
2026-06-08 20:28:28.034|3|291,2231|17,2070|-2,6086|-2,0519|5,0000|10,0000
2026-06-08 20:28:28.034|0|124,0856|162,3804|-2,7298|-2,3070|5,0000|10,0000
2026-06-08 20:28:28.034|2|355,8148|91,5711|0,8117|1,1274|5,0000|10,0000
2026-06-08 20:28:28.034|4|217,4828|181,2716|-1,4645|1,7971|5,0000|10,0000
2026-06-08 20:28:28.034|1|284,0814|301,4753|-1,2738|2,4246|5,0000|10,0000
2026-06-08 20:28:28.050|4|216,0182|183,0687|-1,4645|1,7971|5,0000|10,0000
2026-06-08 20:28:28.050|3|288,6146|15,1552|-2,6086|-2,0519|5,0000|10,0000
2026-06-08 20:28:28.050|2|356,6265|92,6985|0,8117|1,1274|5,0000|10,0000
2026-06-08 20:28:28.050|0|121,3559|160,0733|-2,7298|-2,3070|5,0000|10,0000
2026-06-08 20:28:28.050|1|282,8076|303,9000|-1,2738|2,4246|5,0000|10,0000
2026-06-08 20:28:28.067|0|118,6261|157,7663|-2,7298|-2,3070|5,0000|10,0000
2026-06-08 20:28:28.067|4|214,5537|184,8658|-1,4645|1,7971|5,0000|10,0000
2026-06-08 20:28:28.067|1|281,5338|306,3246|-1,2738|2,4246|5,0000|10,0000
2026-06-08 20:28:28.067|2|357,4382|93,8258|0,8117|1,1274|5,0000|10,0000
2026-06-08 20:28:28.067|3|286,0060|13,1033|-2,6086|-2,0519|5,0000|10,0000
2026-06-08 20:28:28.086|1|280,2601|308,7492|-1,2738|2,4246|5,0000|10,0000
2026-06-08 20:28:28.086|0|115,8963|155,4593|-2,7298|-2,3070|5,0000|10,0000
2026-06-08 20:28:28.086|4|213,0892|186,6628|-1,4645|1,7971|5,0000|10,0000
2026-06-08 20:28:28.086|2|358,2499|94,9532|0,8117|1,1274|5,0000|10,0000
2026-06-08 20:28:28.086|3|283,3975|11,0514|-2,6086|-2,0519|5,0000|10,0000
2026-06-08 20:28:28.103|3|280,7889|10,0000|-2,6086|2,0519|5,0000|10,0000
2026-06-08 20:28:28.103|0|113,1665|153,1523|-2,7298|-2,3070|5,0000|10,0000
2026-06-08 20:28:28.104|4|211,6246|188,4599|-1,4645|1,7971|5,0000|10,0000
2026-06-08 20:28:28.104|2|359,0616|96,0806|0,8117|1,1274|5,0000|10,0000
2026-06-08 20:28:28.104|1|278,9863|311,1738|-1,2738|2,4246|5,0000|10,0000
2026-06-08 20:28:28.120|0|110,4368|150,8452|-2,7298|-2,3070|5,0000|10,0000
2026-06-08 20:28:28.120|4|210,1601|190,2570|-1,4645|1,7971|5,0000|10,0000
2026-06-08 20:28:28.120|1|277,7125|313,5985|-1,2738|2,4246|5,0000|10,0000
2026-06-08 20:28:28.120|3|278,1804|12,0519|-2,6086|2,0519|5,0000|10,0000
2026-06-08 20:28:28.120|2|359,8733|97,2079|0,8117|1,1274|5,0000|10,0000
2026-06-08 20:28:28.138|1|276,4387|316,0231|-1,2738|2,4246|5,0000|10,0000
2026-06-08 20:28:28.138|4|208,6956|192,0541|-1,4645|1,7971|5,0000|10,0000
2026-06-08 20:28:28.138|3|275,5718|14,1037|-2,6086|2,0519|5,0000|10,0000
2026-06-08 20:28:28.138|2|360,6850|98,3353|0,8117|1,1274|5,0000|10,0000
2026-06-08 20:28:28.140|0|107,7070|148,5382|-2,7298|-2,3070|5,0000|10,0000
2026-06-08 20:28:28.157|2|361,4967|99,4626|0,8117|1,1274|5,0000|10,0000
2026-06-08 20:28:28.157|0|104,9772|146,2312|-2,7298|-2,3070|5,0000|10,0000
2026-06-08 20:28:28.157|3|272,9633|16,1556|-2,6086|2,0519|5,0000|10,0000
2026-06-08 20:28:28.157|4|207,2311|193,8512|-1,4645|1,7971|5,0000|10,0000
2026-06-08 20:28:28.157|1|275,1650|318,4477|-1,2738|2,4246|5,0000|10,0000
2026-06-08 20:28:28.183|3|270,3547|18,2075|-2,6086|2,0519|5,0000|10,0000
2026-06-08 20:28:28.183|4|205,7665|195,6483|-1,4645|1,7971|5,0000|10,0000
2026-06-08 20:28:28.183|0|102,2475|143,9242|-2,7298|-2,3070|5,0000|10,0000
2026-06-08 20:28:28.183|1|273,8912|320,8723|-1,2738|2,4246|5,0000|10,0000
2026-06-08 20:28:28.183|2|362,3084|100,5900|0,8117|1,1274|5,0000|10,0000
2026-06-08 20:28:28.202|2|363,1201|101,7173|0,8117|1,1274|5,0000|10,0000
2026-06-08 20:28:28.202|0|99,5177|141,6171|-2,7298|-2,3070|5,0000|10,0000
2026-06-08 20:28:28.202|3|267,7462|20,2594|-2,6086|2,0519|5,0000|10,0000
2026-06-08 20:28:28.202|1|272,6174|323,2970|-1,2738|2,4246|5,0000|10,0000
2026-06-08 20:28:28.202|4|204,3020|197,4454|-1,4645|1,7971|5,0000|10,0000
2026-06-08 20:28:28.220|1|271,3437|325,7216|-1,2738|2,4246|5,0000|10,0000
2026-06-08 20:28:28.220|2|363,9318|102,8447|0,8117|1,1274|5,0000|10,0000
2026-06-08 20:28:28.220|4|202,8375|199,2424|-1,4645|1,7971|5,0000|10,0000
2026-06-08 20:28:28.220|0|96,7879|139,3101|-2,7298|-2,3070|5,0000|10,0000
2026-06-08 20:28:28.220|3|265,1376|22,3112|-2,6086|2,0519|5,0000|10,0000
2026-06-08 20:28:28.248|2|364,7435|103,9720|0,8117|1,1274|5,0000|10,0000
2026-06-08 20:28:28.248|1|270,0699|328,1462|-1,2738|2,4246|5,0000|10,0000
2026-06-08 20:28:28.248|3|262,5291|24,3631|-2,6086|2,0519|5,0000|10,0000
2026-06-08 20:28:28.248|4|201,3729|201,0395|-1,4645|1,7971|5,0000|10,0000
2026-06-08 20:28:28.248|0|94,0582|137,0031|-2,7298|-2,3070|5,0000|10,0000
2026-06-08 20:28:28.267|3|259,9205|26,4150|-2,6086|2,0519|5,0000|10,0000
2026-06-08 20:28:28.267|4|199,9084|202,8366|-1,4645|1,7971|5,0000|10,0000
2026-06-08 20:28:28.267|1|268,7961|330,5709|-1,2738|2,4246|5,0000|10,0000
2026-06-08 20:28:28.267|2|365,5552|105,0994|0,8117|1,1274|5,0000|10,0000
2026-06-08 20:28:28.267|0|91,3284|134,6960|-2,7298|-2,3070|5,0000|10,0000
2026-06-08 20:28:28.285|2|366,3669|106,2267|0,8117|1,1274|5,0000|10,0000
2026-06-08 20:28:28.286|3|257,3120|28,4668|-2,6086|2,0519|5,0000|10,0000
2026-06-08 20:28:28.286|0|88,5986|132,3890|-2,7298|-2,3070|5,0000|10,0000
2026-06-08 20:28:28.286|1|267,5224|332,9955|-1,2738|2,4246|5,0000|10,0000
2026-06-08 20:28:28.286|4|198,4439|204,6337|-1,4645|1,7971|5,0000|10,0000
2026-06-08 20:28:28.313|3|254,7034|30,5187|-2,6086|2,0519|5,0000|10,0000
2026-06-08 20:28:28.313|1|266,2486|335,4201|-1,2738|2,4246|5,0000|10,0000
2026-06-08 20:28:28.313|0|85,8689|130,0820|-2,7298|-2,3070|5,0000|10,0000
2026-06-08 20:28:28.313|2|367,1787|107,3541|0,8117|1,1274|5,0000|10,0000
2026-06-08 20:28:28.313|4|196,9794|206,4308|-1,4645|1,7971|5,0000|10,0000
2026-06-08 20:28:28.328|2|367,9904|108,4814|0,8117|1,1274|5,0000|10,0000
2026-06-08 20:28:28.328|0|83,1391|127,7750|-2,7298|-2,3070|5,0000|10,0000
2026-06-08 20:28:28.328|3|252,0949|32,5706|-2,6086|2,0519|5,0000|10,0000
2026-06-08 20:28:28.328|1|264,9748|337,8447|-1,2738|2,4246|5,0000|10,0000
2026-06-08 20:28:28.328|4|195,5148|208,2279|-1,4645|1,7971|5,0000|10,0000
2026-06-08 20:28:28.346|4|194,0503|210,0249|-1,4645|1,7971|5,0000|10,0000
2026-06-08 20:28:28.346|2|368,8021|109,6088|0,8117|1,1274|5,0000|10,0000
2026-06-08 20:28:28.346|3|249,4863|34,6225|-2,6086|2,0519|5,0000|10,0000
2026-06-08 20:28:28.346|0|80,4093|125,4679|-2,7298|-2,3070|5,0000|10,0000
2026-06-08 20:28:28.347|1|263,7011|340,2694|-1,2738|2,4246|5,0000|10,0000
2026-06-08 20:28:28.370|1|262,4273|342,6940|-1,2738|2,4246|5,0000|10,0000
2026-06-08 20:28:28.370|2|369,6138|110,7361|0,8117|1,1274|5,0000|10,0000
2026-06-08 20:28:28.370|0|77,6795|123,1609|-2,7298|-2,3070|5,0000|10,0000
2026-06-08 20:28:28.370|4|192,5858|211,8220|-1,4645|1,7971|5,0000|10,0000
2026-06-08 20:28:28.370|3|246,8778|36,6743|-2,6086|2,0519|5,0000|10,0000
2026-06-08 20:28:28.388|0|74,9498|120,8539|-2,7298|-2,3070|5,0000|10,0000
2026-06-08 20:28:28.388|2|370,4255|111,8635|0,8117|1,1274|5,0000|10,0000
2026-06-08 20:28:28.388|4|191,1213|213,6191|-1,4645|1,7971|5,0000|10,0000
2026-06-08 20:28:28.388|3|244,2692|38,7262|-2,6086|2,0519|5,0000|10,0000
2026-06-08 20:28:28.388|1|261,1535|345,1186|-1,2738|2,4246|5,0000|10,0000
2026-06-08 20:28:28.406|1|259,8797|347,5432|-1,2738|2,4246|5,0000|10,0000
2026-06-08 20:28:28.406|0|72,2200|118,5469|-2,7298|-2,3070|5,0000|10,0000
2026-06-08 20:28:28.406|4|189,6567|215,4162|-1,4645|1,7971|5,0000|10,0000
2026-06-08 20:28:28.406|3|241,6607|40,7781|-2,6086|2,0519|5,0000|10,0000
2026-06-08 20:28:28.406|2|371,2372|112,9908|0,8117|1,1274|5,0000|10,0000
2026-06-08 20:28:28.422|2|372,0489|114,1182|0,8117|1,1274|5,0000|10,0000
2026-06-08 20:28:28.422|1|258,6060|349,9679|-1,2738|2,4246|5,0000|10,0000
2026-06-08 20:28:28.422|4|188,1922|217,2133|-1,4645|1,7971|5,0000|10,0000
2026-06-08 20:28:28.422|0|69,4902|116,2398|-2,7298|-2,3070|5,0000|10,0000
2026-06-08 20:28:28.422|3|239,0521|42,8300|-2,6086|2,0519|5,0000|10,0000
2026-06-08 20:28:28.438|4|186,7277|219,0104|-1,4645|1,7971|5,0000|10,0000
2026-06-08 20:28:28.438|3|236,4436|44,8818|-2,6086|2,0519|5,0000|10,0000
2026-06-08 20:28:28.438|0|66,7605|113,9328|-2,7298|-2,3070|5,0000|10,0000
2026-06-08 20:28:28.438|2|372,8606|115,2455|0,8117|1,1274|5,0000|10,0000
2026-06-08 20:28:28.438|1|257,3322|352,3925|-1,2738|2,4246|5,0000|10,0000
2026-06-08 20:28:28.455|0|64,0307|111,6258|-2,7298|-2,3070|5,0000|10,0000
2026-06-08 20:28:28.455|2|373,6723|116,3729|0,8117|1,1274|5,0000|10,0000
2026-06-08 20:28:28.455|3|233,8350|46,9337|-2,6086|2,0519|5,0000|10,0000
2026-06-08 20:28:28.455|4|185,2631|220,8075|-1,4645|1,7971|5,0000|10,0000
2026-06-08 20:28:28.455|1|256,0584|354,8171|-1,2738|2,4246|5,0000|10,0000
2026-06-08 20:28:28.471|2|374,4840|117,5003|0,8117|1,1274|5,0000|10,0000
2026-06-08 20:28:28.471|3|231,2265|48,9856|-2,6086|2,0519|5,0000|10,0000
2026-06-08 20:28:28.471|1|254,7847|357,2418|-1,2738|2,4246|5,0000|10,0000
2026-06-08 20:28:28.471|0|61,3009|109,3187|-2,7298|-2,3070|5,0000|10,0000
2026-06-08 20:28:28.471|4|183,7986|222,6045|-1,4645|1,7971|5,0000|10,0000
2026-06-08 20:28:28.486|0|58,5712|107,0117|-2,7298|-2,3070|5,0000|10,0000
2026-06-08 20:28:28.486|1|253,5109|359,6664|-1,2738|2,4246|5,0000|10,0000
2026-06-08 20:28:28.486|2|375,2957|118,6276|0,8117|1,1274|5,0000|10,0000
2026-06-08 20:28:28.486|4|182,3341|224,4016|-1,4645|1,7971|5,0000|10,0000
2026-06-08 20:28:28.486|3|228,6179|51,0374|-2,6086|2,0519|5,0000|10,0000
2026-06-08 20:28:28.502|4|180,8696|226,1987|-1,4645|1,7971|5,0000|10,0000
2026-06-08 20:28:28.502|2|376,1074|119,7550|0,8117|1,1274|5,0000|10,0000
2026-06-08 20:28:28.502|3|226,0094|53,0893|-2,6086|2,0519|5,0000|10,0000
2026-06-08 20:28:28.502|0|55,8414|104,7047|-2,7298|-2,3070|5,0000|10,0000
2026-06-08 20:28:28.502|1|252,2371|362,0910|-1,2738|2,4246|5,0000|10,0000
2026-06-08 20:28:28.518|1|250,9634|364,5156|-1,2738|2,4246|5,0000|10,0000
2026-06-08 20:28:28.518|3|223,4008|55,1412|-2,6086|2,0519|5,0000|10,0000
2026-06-08 20:28:28.518|2|376,9191|120,8823|0,8117|1,1274|5,0000|10,0000
2026-06-08 20:28:28.518|4|179,4050|227,9958|-1,4645|1,7971|5,0000|10,0000
2026-06-08 20:28:28.518|0|53,1116|102,3977|-2,7298|-2,3070|5,0000|10,0000
2026-06-08 20:28:28.535|4|177,9405|229,7929|-1,4645|1,7971|5,0000|10,0000
2026-06-08 20:28:28.535|2|377,7308|122,0097|0,8117|1,1274|5,0000|10,0000
2026-06-08 20:28:28.535|1|249,6896|366,9403|-1,2738|2,4246|5,0000|10,0000
2026-06-08 20:28:28.535|0|50,3818|100,0906|-2,7298|-2,3070|5,0000|10,0000
2026-06-08 20:28:28.535|3|220,7923|57,1931|-2,6086|2,0519|5,0000|10,0000
2026-06-08 20:28:28.551|0|47,6521|97,7836|-2,7298|-2,3070|5,0000|10,0000
2026-06-08 20:28:28.551|1|248,4158|369,3649|-1,2738|2,4246|5,0000|10,0000
2026-06-08 20:28:28.551|3|218,1837|59,2449|-2,6086|2,0519|5,0000|10,0000
2026-06-08 20:28:28.551|4|176,4760|231,5900|-1,4645|1,7971|5,0000|10,0000
2026-06-08 20:28:28.551|2|378,5425|123,1370|0,8117|1,1274|5,0000|10,0000
2026-06-08 20:28:28.567|2|379,3542|124,2644|0,8117|1,1274|5,0000|10,0000
2026-06-08 20:28:28.567|4|175,0114|233,3871|-1,4645|1,7971|5,0000|10,0000
2026-06-08 20:28:28.567|3|215,5751|61,2968|-2,6086|2,0519|5,0000|10,0000
2026-06-08 20:28:28.567|1|247,1421|371,7895|-1,2738|2,4246|5,0000|10,0000
2026-06-08 20:28:28.567|0|44,9223|95,4766|-2,7298|-2,3070|5,0000|10,0000
2026-06-08 20:28:28.584|4|173,5469|235,1841|-1,4645|1,7971|5,0000|10,0000
2026-06-08 20:28:28.584|2|380,1660|125,3917|0,8117|1,1274|5,0000|10,0000
2026-06-08 20:28:28.584|3|212,9666|63,3487|-2,6086|2,0519|5,0000|10,0000
2026-06-08 20:28:28.584|1|245,8683|374,2141|-1,2738|2,4246|5,0000|10,0000
2026-06-08 20:28:28.584|0|42,1925|93,1696|-2,7298|-2,3070|5,0000|10,0000
2026-06-08 20:28:28.600|0|39,4628|90,8625|-2,7298|-2,3070|5,0000|10,0000
2026-06-08 20:28:28.600|3|210,3580|65,4005|-2,6086|2,0519|5,0000|10,0000
2026-06-08 20:28:28.600|1|244,5945|376,6388|-1,2738|2,4246|5,0000|10,0000
2026-06-08 20:28:28.600|4|172,0824|236,9812|-1,4645|1,7971|5,0000|10,0000
2026-06-08 20:28:28.600|2|380,9777|126,5191|0,8117|1,1274|5,0000|10,0000
2026-06-08 20:28:28.617|4|170,6179|238,7783|-1,4645|1,7971|5,0000|10,0000
2026-06-08 20:28:28.617|3|207,7495|67,4524|-2,6086|2,0519|5,0000|10,0000
2026-06-08 20:28:28.617|1|243,3208|379,0634|-1,2738|2,4246|5,0000|10,0000
2026-06-08 20:28:28.617|2|381,7894|127,6464|0,8117|1,1274|5,0000|10,0000
2026-06-08 20:28:28.617|0|36,7330|88,5555|-2,7298|-2,3070|5,0000|10,0000
2026-06-08 20:28:28.633|2|382,6011|128,7738|0,8117|1,1274|5,0000|10,0000
2026-06-08 20:28:28.633|0|34,0032|86,2485|-2,7298|-2,3070|5,0000|10,0000
2026-06-08 20:28:28.633|1|242,0470|381,4880|-1,2738|2,4246|5,0000|10,0000
2026-06-08 20:28:28.633|3|205,1409|69,5043|-2,6086|2,0519|5,0000|10,0000
2026-06-08 20:28:28.633|4|169,1533|240,5754|-1,4645|1,7971|5,0000|10,0000
2026-06-08 20:28:28.649|4|167,6888|242,3725|-1,4645|1,7971|5,0000|10,0000
2026-06-08 20:28:28.649|3|202,5324|71,5562|-2,6086|2,0519|5,0000|10,0000
2026-06-08 20:28:28.649|1|240,7732|383,9127|-1,2738|2,4246|5,0000|10,0000
2026-06-08 20:28:28.649|0|31,2735|83,9414|-2,7298|-2,3070|5,0000|10,0000
2026-06-08 20:28:28.649|2|383,4128|129,9011|0,8117|1,1274|5,0000|10,0000
2026-06-08 20:28:28.666|1|239,4994|386,3373|-1,2738|2,4246|5,0000|10,0000
2026-06-08 20:28:28.666|3|199,9238|73,6080|-2,6086|2,0519|5,0000|10,0000
2026-06-08 20:28:28.666|0|28,5437|81,6344|-2,7298|-2,3070|5,0000|10,0000
2026-06-08 20:28:28.666|4|166,2243|244,1696|-1,4645|1,7971|5,0000|10,0000
2026-06-08 20:28:28.666|2|384,2245|131,0285|0,8117|1,1274|5,0000|10,0000
2026-06-08 20:28:28.682|2|385,0000|132,1558|-0,8117|1,1274|5,0000|10,0000
2026-06-08 20:28:28.682|3|197,3153|75,6599|-2,6086|2,0519|5,0000|10,0000
2026-06-08 20:28:28.682|4|164,7597|245,9667|-1,4645|1,7971|5,0000|10,0000
2026-06-08 20:28:28.682|0|25,8139|79,3274|-2,7298|-2,3070|5,0000|10,0000
2026-06-08 20:28:28.682|1|238,2257|388,7619|-1,2738|2,4246|5,0000|10,0000
2026-06-08 20:28:28.698|3|194,7067|77,7118|-2,6086|2,0519|5,0000|10,0000
2026-06-08 20:28:28.698|1|236,9519|390,0000|-1,2738|-2,4246|5,0000|10,0000
2026-06-08 20:28:28.698|2|384,1883|133,2832|-0,8117|1,1274|5,0000|10,0000
2026-06-08 20:28:28.698|0|23,0841|77,0204|-2,7298|-2,3070|5,0000|10,0000
2026-06-08 20:28:28.698|4|163,2952|247,7637|-1,4645|1,7971|5,0000|10,0000
2026-06-08 20:28:28.715|4|161,8307|249,5608|-1,4645|1,7971|5,0000|10,0000
2026-06-08 20:28:28.715|0|20,3544|74,7133|-2,7298|-2,3070|5,0000|10,0000
2026-06-08 20:28:28.715|1|235,6781|387,5754|-1,2738|-2,4246|5,0000|10,0000
2026-06-08 20:28:28.715|3|192,0982|79,7637|-2,6086|2,0519|5,0000|10,0000
2026-06-08 20:28:28.718|2|383,3766|134,4105|-0,8117|1,1274|5,0000|10,0000
2026-06-08 20:28:28.731|3|189,4896|81,8155|-2,6086|2,0519|5,0000|10,0000
2026-06-08 20:28:28.731|1|234,4044|385,1507|-1,2738|-2,4246|5,0000|10,0000
2026-06-08 20:28:28.731|0|17,6246|72,4063|-2,7298|-2,3070|5,0000|10,0000
2026-06-08 20:28:28.731|4|160,3662|251,3579|-1,4645|1,7971|5,0000|10,0000
2026-06-08 20:28:28.734|2|382,5649|135,5379|-0,8117|1,1274|5,0000|10,0000
2026-06-08 20:28:28.747|4|158,9016|253,1550|-1,4645|1,7971|5,0000|10,0000
2026-06-08 20:28:28.747|1|233,1306|382,7261|-1,2738|-2,4246|5,0000|10,0000
2026-06-08 20:28:28.747|3|186,8811|83,8674|-2,6086|2,0519|5,0000|10,0000
2026-06-08 20:28:28.747|0|14,8948|70,0993|-2,7298|-2,3070|5,0000|10,0000
2026-06-08 20:28:28.750|2|381,7532|136,6652|-0,8117|1,1274|5,0000|10,0000
2026-06-08 20:28:28.764|3|184,2725|85,9193|-2,6086|2,0519|5,0000|10,0000
2026-06-08 20:28:28.764|1|231,8568|380,3015|-1,2738|-2,4246|5,0000|10,0000
2026-06-08 20:28:28.764|0|12,1651|67,7923|-2,7298|-2,3070|5,0000|10,0000
2026-06-08 20:28:28.764|4|157,4371|254,9521|-1,4645|1,7971|5,0000|10,0000
2026-06-08 20:28:28.766|2|380,9415|137,7926|-0,8117|1,1274|5,0000|10,0000
2026-06-08 20:28:28.780|3|181,6640|87,9711|-2,6086|2,0519|5,0000|10,0000
2026-06-08 20:28:28.780|0|10,0000|65,4852|2,7298|-2,3070|5,0000|10,0000
2026-06-08 20:28:28.780|4|155,9726|256,7492|-1,4645|1,7971|5,0000|10,0000
2026-06-08 20:28:28.780|1|230,5831|377,8769|-1,2738|-2,4246|5,0000|10,0000
2026-06-08 20:28:28.783|2|380,1298|138,9200|-0,8117|1,1274|5,0000|10,0000
2026-06-08 20:28:28.796|3|179,0554|90,0230|-2,6086|2,0519|5,0000|10,0000
2026-06-08 20:28:28.796|4|154,5081|258,5463|-1,4645|1,7971|5,0000|10,0000
2026-06-08 20:28:28.796|1|229,3093|375,4522|-1,2738|-2,4246|5,0000|10,0000
2026-06-08 20:28:28.796|0|12,7298|63,1782|2,7298|-2,3070|5,0000|10,0000
2026-06-08 20:28:28.799|2|379,3181|140,0473|-0,8117|1,1274|5,0000|10,0000
2026-06-08 20:28:28.813|4|153,0435|260,3433|-1,4645|1,7971|5,0000|10,0000
2026-06-08 20:28:28.813|1|228,0355|373,0276|-1,2738|-2,4246|5,0000|10,0000
2026-06-08 20:28:28.813|0|15,4595|60,8712|2,7298|-2,3070|5,0000|10,0000
2026-06-08 20:28:28.813|3|176,4469|92,0749|-2,6086|2,0519|5,0000|10,0000
2026-06-08 20:28:28.815|2|378,5063|141,1747|-0,8117|1,1274|5,0000|10,0000
2026-06-08 20:28:28.829|3|173,8383|94,1268|-2,6086|2,0519|5,0000|10,0000
2026-06-08 20:28:28.829|0|18,1893|58,5641|2,7298|-2,3070|5,0000|10,0000
2026-06-08 20:28:28.829|1|226,7618|370,6030|-1,2738|-2,4246|5,0000|10,0000
2026-06-08 20:28:28.829|4|151,5790|262,1404|-1,4645|1,7971|5,0000|10,0000
2026-06-08 20:28:28.831|2|377,6946|142,3020|-0,8117|1,1274|5,0000|10,0000
2026-06-08 20:28:28.845|1|225,4880|368,1784|-1,2738|-2,4246|5,0000|10,0000
2026-06-08 20:28:28.845|4|150,1145|263,9375|-1,4645|1,7971|5,0000|10,0000
2026-06-08 20:28:28.845|0|20,9191|56,2571|2,7298|-2,3070|5,0000|10,0000
2026-06-08 20:28:28.845|3|171,2298|96,1786|-2,6086|2,0519|5,0000|10,0000
2026-06-08 20:28:28.847|2|376,8829|143,4294|-0,8117|1,1274|5,0000|10,0000
2026-06-08 20:28:28.862|4|148,6499|265,7346|-1,4645|1,7971|5,0000|10,0000
2026-06-08 20:28:28.862|1|224,2142|365,7537|-1,2738|-2,4246|5,0000|10,0000
2026-06-08 20:28:28.862|0|23,6488|53,9501|2,7298|-2,3070|5,0000|10,0000
2026-06-08 20:28:28.862|3|168,6212|98,2305|-2,6086|2,0519|5,0000|10,0000
2026-06-08 20:28:28.863|2|376,0712|144,5567|-0,8117|1,1274|5,0000|10,0000
2026-06-08 20:28:28.878|0|26,3786|51,6431|2,7298|-2,3070|5,0000|10,0000
2026-06-08 20:28:28.878|1|222,9404|363,3291|-1,2738|-2,4246|5,0000|10,0000
2026-06-08 20:28:28.878|3|166,0127|100,2824|-2,6086|2,0519|5,0000|10,0000
2026-06-08 20:28:28.878|4|147,1854|267,5317|-1,4645|1,7971|5,0000|10,0000
2026-06-08 20:28:28.879|2|375,2595|145,6841|-0,8117|1,1274|5,0000|10,0000
2026-06-08 20:28:28.895|3|163,4041|102,3342|-2,6086|2,0519|5,0000|10,0000
2026-06-08 20:28:28.895|1|221,6667|360,9045|-1,2738|-2,4246|5,0000|10,0000
2026-06-08 20:28:28.895|2|374,4478|146,8114|-0,8117|1,1274|5,0000|10,0000
2026-06-08 20:28:28.895|4|145,7209|269,3288|-1,4645|1,7971|5,0000|10,0000
2026-06-08 20:28:28.895|0|29,1084|49,3360|2,7298|-2,3070|5,0000|10,0000
2026-06-08 20:28:28.911|4|144,2564|271,1259|-1,4645|1,7971|5,0000|10,0000
2026-06-08 20:28:28.911|2|373,6361|147,9388|-0,8117|1,1274|5,0000|10,0000
2026-06-08 20:28:28.911|3|160,7956|104,3861|-2,6086|2,0519|5,0000|10,0000
2026-06-08 20:28:28.911|0|31,8382|47,0290|2,7298|-2,3070|5,0000|10,0000
2026-06-08 20:28:28.911|1|220,3929|358,4798|-1,2738|-2,4246|5,0000|10,0000
2026-06-08 20:28:28.927|3|158,1870|106,4380|-2,6086|2,0519|5,0000|10,0000
2026-06-08 20:28:28.927|1|219,1191|356,0552|-1,2738|-2,4246|5,0000|10,0000
2026-06-08 20:28:28.927|0|34,5679|44,7220|2,7298|-2,3070|5,0000|10,0000
2026-06-08 20:28:28.927|2|372,8244|149,0661|-0,8117|1,1274|5,0000|10,0000
2026-06-08 20:28:28.927|4|142,7918|272,9229|-1,4645|1,7971|5,0000|10,0000
2026-06-08 20:28:28.943|0|37,2977|42,4150|2,7298|-2,3070|5,0000|10,0000
2026-06-08 20:28:28.943|2|372,0127|150,1935|-0,8117|1,1274|5,0000|10,0000
2026-06-08 20:28:28.943|3|155,5785|108,4899|-2,6086|2,0519|5,0000|10,0000
2026-06-08 20:28:28.943|1|217,8454|353,6306|-1,2738|-2,4246|5,0000|10,0000
2026-06-08 20:28:28.943|4|141,3273|274,7200|-1,4645|1,7971|5,0000|10,0000
2026-06-08 20:28:28.959|4|139,8628|276,5171|-1,4645|1,7971|5,0000|10,0000
2026-06-08 20:28:28.959|1|216,5716|351,2060|-1,2738|-2,4246|5,0000|10,0000
2026-06-08 20:28:28.959|3|152,9699|110,5417|-2,6086|2,0519|5,0000|10,0000
2026-06-08 20:28:28.959|2|371,2010|151,3208|-0,8117|1,1274|5,0000|10,0000
2026-06-08 20:28:28.959|0|40,0275|40,1079|2,7298|-2,3070|5,0000|10,0000
2026-06-08 20:28:28.975|2|370,3893|152,4482|-0,8117|1,1274|5,0000|10,0000
2026-06-08 20:28:28.975|0|42,7572|37,8009|2,7298|-2,3070|5,0000|10,0000
2026-06-08 20:28:28.975|4|138,3982|278,3142|-1,4645|1,7971|5,0000|10,0000
2026-06-08 20:28:28.975|1|215,2978|348,7813|-1,2738|-2,4246|5,0000|10,0000
2026-06-08 20:28:28.975|3|150,3614|112,5936|-2,6086|2,0519|5,0000|10,0000
2026-06-08 20:28:28.992|4|136,9337|280,1113|-1,4645|1,7971|5,0000|10,0000
2026-06-08 20:28:28.992|1|214,0241|346,3567|-1,2738|-2,4246|5,0000|10,0000
2026-06-08 20:28:28.992|2|369,5776|153,5755|-0,8117|1,1274|5,0000|10,0000
2026-06-08 20:28:28.992|0|45,4870|35,4939|2,7298|-2,3070|5,0000|10,0000
2026-06-08 20:28:28.992|3|147,7528|114,6455|-2,6086|2,0519|5,0000|10,0000
2026-06-08 20:28:29.008|4|135,4692|281,9084|-1,4645|1,7971|5,0000|10,0000
2026-06-08 20:28:29.008|1|212,7503|343,9321|-1,2738|-2,4246|5,0000|10,0000
2026-06-08 20:28:29.008|3|145,1443|116,6973|-2,6086|2,0519|5,0000|10,0000
2026-06-08 20:28:29.008|2|368,7659|154,7029|-0,8117|1,1274|5,0000|10,0000
2026-06-08 20:28:29.008|0|48,2168|33,1868|2,7298|-2,3070|5,0000|10,0000
2026-06-08 20:28:29.024|3|142,5357|118,7492|-2,6086|2,0519|5,0000|10,0000
2026-06-08 20:28:29.024|2|367,9542|155,8302|-0,8117|1,1274|5,0000|10,0000
2026-06-08 20:28:29.024|1|211,4765|341,5075|-1,2738|-2,4246|5,0000|10,0000
2026-06-08 20:28:29.024|4|134,0047|283,7055|-1,4645|1,7971|5,0000|10,0000
2026-06-08 20:28:29.024|0|50,9465|30,8798|2,7298|-2,3070|5,0000|10,0000
2026-06-08 20:28:29.039|0|53,6763|28,5728|2,7298|-2,3070|5,0000|10,0000
2026-06-08 20:28:29.039|4|132,5401|285,5025|-1,4645|1,7971|5,0000|10,0000
2026-06-08 20:28:29.039|2|367,1425|156,9576|-0,8117|1,1274|5,0000|10,0000
2026-06-08 20:28:29.039|3|139,9271|120,8011|-2,6086|2,0519|5,0000|10,0000
2026-06-08 20:28:29.039|1|210,2028|339,0828|-1,2738|-2,4246|5,0000|10,0000
2026-06-08 20:28:29.056|1|208,9290|336,6582|-1,2738|-2,4246|5,0000|10,0000
2026-06-08 20:28:29.056|0|56,4061|26,2658|2,7298|-2,3070|5,0000|10,0000
2026-06-08 20:28:29.056|3|137,3186|122,8530|-2,6086|2,0519|5,0000|10,0000
2026-06-08 20:28:29.056|4|131,0756|287,2996|-1,4645|1,7971|5,0000|10,0000
2026-06-08 20:28:29.056|2|366,3308|158,0849|-0,8117|1,1274|5,0000|10,0000
2026-06-08 20:28:29.072|4|129,6111|289,0967|-1,4645|1,7971|5,0000|10,0000
2026-06-08 20:28:29.072|3|134,7100|124,9048|-2,6086|2,0519|5,0000|10,0000
2026-06-08 20:28:29.072|1|207,6552|334,2336|-1,2738|-2,4246|5,0000|10,0000
2026-06-08 20:28:29.072|0|59,1359|23,9587|2,7298|-2,3070|5,0000|10,0000
2026-06-08 20:28:29.072|2|365,5190|159,2123|-0,8117|1,1274|5,0000|10,0000
2026-06-08 20:28:29.088|0|61,8656|21,6517|2,7298|-2,3070|5,0000|10,0000
2026-06-08 20:28:29.088|2|364,7073|160,3396|-0,8117|1,1274|5,0000|10,0000
2026-06-08 20:28:29.088|1|206,3815|331,8089|-1,2738|-2,4246|5,0000|10,0000
2026-06-08 20:28:29.088|4|128,1466|290,8938|-1,4645|1,7971|5,0000|10,0000
2026-06-08 20:28:29.088|3|132,1015|126,9567|-2,6086|2,0519|5,0000|10,0000
2026-06-08 20:28:29.105|2|363,8956|161,4670|-0,8117|1,1274|5,0000|10,0000
2026-06-08 20:28:29.105|4|126,6820|292,6909|-1,4645|1,7971|5,0000|10,0000
2026-06-08 20:28:29.105|1|205,1077|329,3843|-1,2738|-2,4246|5,0000|10,0000
2026-06-08 20:28:29.105|3|129,4929|129,0086|-2,6086|2,0519|5,0000|10,0000
2026-06-08 20:28:29.105|0|64,5954|19,3447|2,7298|-2,3070|5,0000|10,0000
2026-06-08 20:28:29.121|4|125,2175|294,4880|-1,4645|1,7971|5,0000|10,0000
2026-06-08 20:28:29.121|1|203,8339|326,9597|-1,2738|-2,4246|5,0000|10,0000
2026-06-08 20:28:29.121|0|67,3252|17,0377|2,7298|-2,3070|5,0000|10,0000
2026-06-08 20:28:29.121|2|363,0839|162,5944|-0,8117|1,1274|5,0000|10,0000
2026-06-08 20:28:29.121|3|126,8844|131,0605|-2,6086|2,0519|5,0000|10,0000
2026-06-08 20:28:29.137|0|70,0549|14,7306|2,7298|-2,3070|5,0000|10,0000
2026-06-08 20:28:29.137|2|362,2722|163,7217|-0,8117|1,1274|5,0000|10,0000
2026-06-08 20:28:29.137|3|124,2758|133,1123|-2,6086|2,0519|5,0000|10,0000
2026-06-08 20:28:29.137|1|202,5601|324,5351|-1,2738|-2,4246|5,0000|10,0000
2026-06-08 20:28:29.137|4|123,7530|296,2850|-1,4645|1,7971|5,0000|10,0000
2026-06-08 20:28:29.154|1|201,2864|322,1104|-1,2738|-2,4246|5,0000|10,0000
2026-06-08 20:28:29.154|3|121,6673|135,1642|-2,6086|2,0519|5,0000|10,0000
2026-06-08 20:28:29.154|4|122,2884|298,0821|-1,4645|1,7971|5,0000|10,0000
2026-06-08 20:28:29.154|2|361,4605|164,8491|-0,8117|1,1274|5,0000|10,0000
2026-06-08 20:28:29.154|0|72,7847|12,4236|2,7298|-2,3070|5,0000|10,0000
2026-06-08 20:28:29.170|0|75,5145|10,1166|2,7298|-2,3070|5,0000|10,0000
2026-06-08 20:28:29.170|4|120,8239|299,8792|-1,4645|1,7971|5,0000|10,0000
2026-06-08 20:28:29.170|2|360,6488|165,9764|-0,8117|1,1274|5,0000|10,0000
2026-06-08 20:28:29.170|3|119,0587|137,2161|-2,6086|2,0519|5,0000|10,0000
2026-06-08 20:28:29.170|1|200,0126|319,6858|-1,2738|-2,4246|5,0000|10,0000
2026-06-08 20:28:29.186|3|116,4502|139,2679|-2,6086|2,0519|5,0000|10,0000
2026-06-08 20:28:29.186|1|198,7388|317,2612|-1,2738|-2,4246|5,0000|10,0000
2026-06-08 20:28:29.186|4|119,3594|301,6763|-1,4645|1,7971|5,0000|10,0000
2026-06-08 20:28:29.186|0|78,2442|10,0000|2,7298|2,3070|5,0000|10,0000
2026-06-08 20:28:29.186|2|359,8371|167,1038|-0,8117|1,1274|5,0000|10,0000
2026-06-08 20:28:29.201|4|117,8949|303,4734|-1,4645|1,7971|5,0000|10,0000
2026-06-08 20:28:29.201|2|359,0254|168,2311|-0,8117|1,1274|5,0000|10,0000
2026-06-08 20:28:29.201|0|80,9740|12,3070|2,7298|2,3070|5,0000|10,0000
2026-06-08 20:28:29.201|1|197,4651|314,8366|-1,2738|-2,4246|5,0000|10,0000
2026-06-08 20:28:29.201|3|113,8416|141,3198|-2,6086|2,0519|5,0000|10,0000
2026-06-08 20:28:29.217|3|111,2331|143,3717|-2,6086|2,0519|5,0000|10,0000
2026-06-08 20:28:29.217|1|196,1913|312,4119|-1,2738|-2,4246|5,0000|10,0000
2026-06-08 20:28:29.217|2|358,2137|169,3585|-0,8117|1,1274|5,0000|10,0000
2026-06-08 20:28:29.217|0|83,7038|14,6141|2,7298|2,3070|5,0000|10,0000
2026-06-08 20:28:29.217|4|116,4303|305,2705|-1,4645|1,7971|5,0000|10,0000
2026-06-08 20:28:29.234|4|114,9658|307,0676|-1,4645|1,7971|5,0000|10,0000
2026-06-08 20:28:29.234|0|86,4336|16,9211|2,7298|2,3070|5,0000|10,0000
2026-06-08 20:28:29.234|1|194,9175|309,9873|-1,2738|-2,4246|5,0000|10,0000
2026-06-08 20:28:29.234|3|108,6245|145,4236|-2,6086|2,0519|5,0000|10,0000
2026-06-08 20:28:29.234|2|357,4020|170,4858|-0,8117|1,1274|5,0000|10,0000
2026-06-08 20:28:29.250|3|106,0160|147,4754|-2,6086|2,0519|5,0000|10,0000
2026-06-08 20:28:29.250|1|193,6438|307,5627|-1,2738|-2,4246|5,0000|10,0000
2026-06-08 20:28:29.250|0|89,1633|19,2281|2,7298|2,3070|5,0000|10,0000
2026-06-08 20:28:29.250|2|356,5903|171,6132|-0,8117|1,1274|5,0000|10,0000
2026-06-08 20:28:29.250|4|113,5013|308,8646|-1,4645|1,7971|5,0000|10,0000
2026-06-08 20:28:29.267|2|355,7786|172,7405|-0,8117|1,1274|5,0000|10,0000
2026-06-08 20:28:29.267|0|91,8931|21,5351|2,7298|2,3070|5,0000|10,0000
2026-06-08 20:28:29.267|4|112,0367|310,6617|-1,4645|1,7971|5,0000|10,0000
2026-06-08 20:28:29.267|1|192,3700|305,1380|-1,2738|-2,4246|5,0000|10,0000
2026-06-08 20:28:29.267|3|103,4074|149,5273|-2,6086|2,0519|5,0000|10,0000
2026-06-08 20:28:29.283|3|100,7989|151,5792|-2,6086|2,0519|5,0000|10,0000
2026-06-08 20:28:29.283|4|110,5722|312,4588|-1,4645|1,7971|5,0000|10,0000
2026-06-08 20:28:29.283|0|94,6229|23,8422|2,7298|2,3070|5,0000|10,0000
2026-06-08 20:28:29.283|2|354,9669|173,8679|-0,8117|1,1274|5,0000|10,0000
2026-06-08 20:28:29.283|1|191,0962|302,7134|-1,2738|-2,4246|5,0000|10,0000
2026-06-08 20:28:29.299|0|97,3526|26,1492|2,7298|2,3070|5,0000|10,0000
2026-06-08 20:28:29.299|2|354,1552|174,9952|-0,8117|1,1274|5,0000|10,0000
2026-06-08 20:28:29.299|4|109,1077|314,2559|-1,4645|1,7971|5,0000|10,0000
2026-06-08 20:28:29.299|1|189,8225|300,2888|-1,2738|-2,4246|5,0000|10,0000
2026-06-08 20:28:29.299|3|98,1903|153,6310|-2,6086|2,0519|5,0000|10,0000
2026-06-08 20:28:29.315|3|95,5818|155,6829|-2,6086|2,0519|5,0000|10,0000
2026-06-08 20:28:29.315|4|107,6432|316,0530|-1,4645|1,7971|5,0000|10,0000
2026-06-08 20:28:29.315|1|188,5487|297,8642|-1,2738|-2,4246|5,0000|10,0000
2026-06-08 20:28:29.315|0|100,0824|28,4562|2,7298|2,3070|5,0000|10,0000
2026-06-08 20:28:29.315|2|353,3434|176,1226|-0,8117|1,1274|5,0000|10,0000
2026-06-08 20:28:29.331|2|352,5317|177,2499|-0,8117|1,1274|5,0000|10,0000
2026-06-08 20:28:29.331|3|92,9732|157,7348|-2,6086|2,0519|5,0000|10,0000
2026-06-08 20:28:29.331|0|102,8122|30,7632|2,7298|2,3070|5,0000|10,0000
2026-06-08 20:28:29.331|4|106,1786|317,8501|-1,4645|1,7971|5,0000|10,0000
2026-06-08 20:28:29.331|1|187,2749|295,4395|-1,2738|-2,4246|5,0000|10,0000
2026-06-08 20:28:29.347|4|104,7141|319,6472|-1,4645|1,7971|5,0000|10,0000
2026-06-08 20:28:29.347|0|105,5419|33,0703|2,7298|2,3070|5,0000|10,0000
2026-06-08 20:28:29.347|1|186,0011|293,0149|-1,2738|-2,4246|5,0000|10,0000
2026-06-08 20:28:29.347|3|90,3647|159,7867|-2,6086|2,0519|5,0000|10,0000
2026-06-08 20:28:29.347|2|351,7200|178,3773|-0,8117|1,1274|5,0000|10,0000
2026-06-08 20:28:29.364|2|350,9083|179,5046|-0,8117|1,1274|5,0000|10,0000
2026-06-08 20:28:29.364|3|87,7561|161,8385|-2,6086|2,0519|5,0000|10,0000
2026-06-08 20:28:29.364|0|108,2717|35,3773|2,7298|2,3070|5,0000|10,0000
2026-06-08 20:28:29.364|4|103,2496|321,4442|-1,4645|1,7971|5,0000|10,0000
2026-06-08 20:28:29.364|1|184,7274|290,5903|-1,2738|-2,4246|5,0000|10,0000
2026-06-08 20:28:29.380|4|101,7851|323,2413|-1,4645|1,7971|5,0000|10,0000
2026-06-08 20:28:29.380|1|183,4536|288,1657|-1,2738|-2,4246|5,0000|10,0000
2026-06-08 20:28:29.380|3|85,1476|163,8904|-2,6086|2,0519|5,0000|10,0000
2026-06-08 20:28:29.380|2|350,0966|180,6320|-0,8117|1,1274|5,0000|10,0000
2026-06-08 20:28:29.380|0|111,0015|37,6843|2,7298|2,3070|5,0000|10,0000
2026-06-08 20:28:29.396|2|349,2849|181,7593|-0,8117|1,1274|5,0000|10,0000
2026-06-08 20:28:29.396|0|113,7313|39,9914|2,7298|2,3070|5,0000|10,0000
2026-06-08 20:28:29.396|4|100,3205|325,0384|-1,4645|1,7971|5,0000|10,0000
2026-06-08 20:28:29.396|3|82,5390|165,9423|-2,6086|2,0519|5,0000|10,0000
2026-06-08 20:28:29.396|1|182,1798|285,7410|-1,2738|-2,4246|5,0000|10,0000
2026-06-08 20:28:29.412|4|98,8560|326,8355|-1,4645|1,7971|5,0000|10,0000
2026-06-08 20:28:29.412|0|116,4610|42,2984|2,7298|2,3070|5,0000|10,0000
2026-06-08 20:28:29.412|1|180,9061|283,3164|-1,2738|-2,4246|5,0000|10,0000
2026-06-08 20:28:29.412|3|79,9305|167,9942|-2,6086|2,0519|5,0000|10,0000
2026-06-08 20:28:29.412|2|348,4732|182,8867|-0,8117|1,1274|5,0000|10,0000
2026-06-08 20:28:29.428|3|77,3219|170,0460|-2,6086|2,0519|5,0000|10,0000
2026-06-08 20:28:29.428|0|119,1908|44,6054|2,7298|2,3070|5,0000|10,0000
2026-06-08 20:28:29.428|2|347,6615|184,0141|-0,8117|1,1274|5,0000|10,0000
2026-06-08 20:28:29.428|1|179,6323|280,8918|-1,2738|-2,4246|5,0000|10,0000
2026-06-08 20:28:29.428|4|97,3915|328,6326|-1,4645|1,7971|5,0000|10,0000
2026-06-08 20:28:29.444|1|178,3585|278,4671|-1,2738|-2,4246|5,0000|10,0000
2026-06-08 20:28:29.444|2|346,8498|185,1414|-0,8117|1,1274|5,0000|10,0000
2026-06-08 20:28:29.444|0|121,9206|46,9124|2,7298|2,3070|5,0000|10,0000
2026-06-08 20:28:29.444|4|95,9269|330,4297|-1,4645|1,7971|5,0000|10,0000
2026-06-08 20:28:29.444|3|74,7134|172,0979|-2,6086|2,0519|5,0000|10,0000
2026-06-08 20:28:29.461|3|72,1048|174,1498|-2,6086|2,0519|5,0000|10,0000
2026-06-08 20:28:29.461|4|94,4624|332,2268|-1,4645|1,7971|5,0000|10,0000
2026-06-08 20:28:29.461|0|124,6503|49,2195|2,7298|2,3070|5,0000|10,0000
2026-06-08 20:28:29.461|2|346,0381|186,2688|-0,8117|1,1274|5,0000|10,0000
2026-06-08 20:28:29.461|1|177,0848|276,0425|-1,2738|-2,4246|5,0000|10,0000
2026-06-08 20:28:29.477|2|345,2264|187,3961|-0,8117|1,1274|5,0000|10,0000
2026-06-08 20:28:29.477|1|175,8110|273,6179|-1,2738|-2,4246|5,0000|10,0000
2026-06-08 20:28:29.477|4|92,9979|334,0238|-1,4645|1,7971|5,0000|10,0000
2026-06-08 20:28:29.477|0|127,3801|51,5265|2,7298|2,3070|5,0000|10,0000
2026-06-08 20:28:29.477|3|69,4963|176,2016|-2,6086|2,0519|5,0000|10,0000
2026-06-08 20:28:29.494|3|66,8877|178,2535|-2,6086|2,0519|5,0000|10,0000
2026-06-08 20:28:29.494|0|130,1099|53,8335|2,7298|2,3070|5,0000|10,0000
2026-06-08 20:28:29.494|4|91,5334|335,8209|-1,4645|1,7971|5,0000|10,0000
2026-06-08 20:28:29.494|1|174,5372|271,1933|-1,2738|-2,4246|5,0000|10,0000
2026-06-08 20:28:29.494|2|344,4147|188,5235|-0,8117|1,1274|5,0000|10,0000
2026-06-08 20:28:29.510|4|90,0688|337,6180|-1,4645|1,7971|5,0000|10,0000
2026-06-08 20:28:29.510|0|132,8396|56,1405|2,7298|2,3070|5,0000|10,0000
2026-06-08 20:28:29.510|1|173,2635|268,7686|-1,2738|-2,4246|5,0000|10,0000
2026-06-08 20:28:29.510|3|64,2791|180,3054|-2,6086|2,0519|5,0000|10,0000
2026-06-08 20:28:29.510|2|343,6030|189,6508|-0,8117|1,1274|5,0000|10,0000
2026-06-08 20:28:29.526|2|342,7913|190,7782|-0,8117|1,1274|5,0000|10,0000
2026-06-08 20:28:29.526|1|171,9897|266,3440|-1,2738|-2,4246|5,0000|10,0000
2026-06-08 20:28:29.526|0|135,5694|58,4476|2,7298|2,3070|5,0000|10,0000
2026-06-08 20:28:29.526|3|61,6706|182,3573|-2,6086|2,0519|5,0000|10,0000
2026-06-08 20:28:29.526|4|88,6043|339,4151|-1,4645|1,7971|5,0000|10,0000
2026-06-08 20:28:29.542|4|87,1398|341,2122|-1,4645|1,7971|5,0000|10,0000
2026-06-08 20:28:29.542|3|59,0620|184,4091|-2,6086|2,0519|5,0000|10,0000
2026-06-08 20:28:29.542|1|170,7159|263,9194|-1,2738|-2,4246|5,0000|10,0000
2026-06-08 20:28:29.542|0|138,2992|60,7546|2,7298|2,3070|5,0000|10,0000
2026-06-08 20:28:29.542|2|341,9796|191,9055|-0,8117|1,1274|5,0000|10,0000
2026-06-08 20:28:29.559|1|169,4422|261,4948|-1,2738|-2,4246|5,0000|10,0000
2026-06-08 20:28:29.559|3|56,4535|186,4610|-2,6086|2,0519|5,0000|10,0000
2026-06-08 20:28:29.559|0|141,0290|63,0616|2,7298|2,3070|5,0000|10,0000
2026-06-08 20:28:29.559|4|85,6752|343,0093|-1,4645|1,7971|5,0000|10,0000
2026-06-08 20:28:29.559|2|341,1679|193,0329|-0,8117|1,1274|5,0000|10,0000
2026-06-08 20:28:29.575|2|340,3561|194,1602|-0,8117|1,1274|5,0000|10,0000
2026-06-08 20:28:29.575|4|84,2107|344,8064|-1,4645|1,7971|5,0000|10,0000
2026-06-08 20:28:29.575|3|53,8449|188,5129|-2,6086|2,0519|5,0000|10,0000
2026-06-08 20:28:29.575|0|143,7587|65,3687|2,7298|2,3070|5,0000|10,0000
2026-06-08 20:28:29.575|1|168,1684|259,0701|-1,2738|-2,4246|5,0000|10,0000
2026-06-08 20:28:29.591|1|166,8946|256,6455|-1,2738|-2,4246|5,0000|10,0000
2026-06-08 20:28:29.591|0|146,4885|67,6757|2,7298|2,3070|5,0000|10,0000
2026-06-08 20:28:29.591|3|51,2364|190,5647|-2,6086|2,0519|5,0000|10,0000
2026-06-08 20:28:29.591|4|82,7462|346,6034|-1,4645|1,7971|5,0000|10,0000
2026-06-08 20:28:29.591|2|339,5444|195,2876|-0,8117|1,1274|5,0000|10,0000
2026-06-08 20:28:29.607|4|81,2817|348,4005|-1,4645|1,7971|5,0000|10,0000
2026-06-08 20:28:29.607|0|149,2183|69,9827|2,7298|2,3070|5,0000|10,0000
2026-06-08 20:28:29.607|3|48,6278|192,6166|-2,6086|2,0519|5,0000|10,0000
2026-06-08 20:28:29.608|1|165,6208|254,2209|-1,2738|-2,4246|5,0000|10,0000
2026-06-08 20:28:29.608|2|338,7327|196,4149|-0,8117|1,1274|5,0000|10,0000
2026-06-08 20:28:29.624|0|151,9480|72,2897|2,7298|2,3070|5,0000|10,0000
2026-06-08 20:28:29.624|4|79,8171|350,1976|-1,4645|1,7971|5,0000|10,0000
2026-06-08 20:28:29.624|2|337,9210|197,5423|-0,8117|1,1274|5,0000|10,0000
2026-06-08 20:28:29.624|1|164,3471|251,7962|-1,2738|-2,4246|5,0000|10,0000
2026-06-08 20:28:29.624|3|46,0193|194,6685|-2,6086|2,0519|5,0000|10,0000
2026-06-08 20:28:29.640|3|43,4107|196,7204|-2,6086|2,0519|5,0000|10,0000
2026-06-08 20:28:29.640|1|163,0733|249,3716|-1,2738|-2,4246|5,0000|10,0000
2026-06-08 20:28:29.640|0|154,6778|74,5968|2,7298|2,3070|5,0000|10,0000
2026-06-08 20:28:29.640|4|78,3526|351,9947|-1,4645|1,7971|5,0000|10,0000
2026-06-08 20:28:29.640|2|337,1093|198,6696|-0,8117|1,1274|5,0000|10,0000
2026-06-08 20:28:29.656|4|76,8881|353,7918|-1,4645|1,7971|5,0000|10,0000
2026-06-08 20:28:29.656|0|157,4076|76,9038|2,7298|2,3070|5,0000|10,0000
2026-06-08 20:28:29.656|3|40,8022|198,7722|-2,6086|2,0519|5,0000|10,0000
2026-06-08 20:28:29.656|2|336,2976|199,7970|-0,8117|1,1274|5,0000|10,0000
2026-06-08 20:28:29.656|1|161,7995|246,9470|-1,2738|-2,4246|5,0000|10,0000
2026-06-08 20:28:29.672|4|75,4235|355,5889|-1,4645|1,7971|5,0000|10,0000
2026-06-08 20:28:29.672|1|160,5258|244,5224|-1,2738|-2,4246|5,0000|10,0000
2026-06-08 20:28:29.672|3|38,1936|200,8241|-2,6086|2,0519|5,0000|10,0000
2026-06-08 20:28:29.672|0|160,1373|79,2108|2,7298|2,3070|5,0000|10,0000
2026-06-08 20:28:29.672|2|335,4859|200,9243|-0,8117|1,1274|5,0000|10,0000
2026-06-08 20:28:29.688|2|334,6742|202,0517|-0,8117|1,1274|5,0000|10,0000
2026-06-08 20:28:29.688|0|162,8671|81,5178|2,7298|2,3070|5,0000|10,0000
2026-06-08 20:28:29.688|4|73,9590|357,3860|-1,4645|1,7971|5,0000|10,0000
2026-06-08 20:28:29.688|1|159,2520|242,0977|-1,2738|-2,4246|5,0000|10,0000
2026-06-08 20:28:29.688|3|35,5851|202,8760|-2,6086|2,0519|5,0000|10,0000
2026-06-08 20:28:29.703|1|157,9782|239,6731|-1,2738|-2,4246|5,0000|10,0000
2026-06-08 20:28:29.703|4|72,4945|359,1830|-1,4645|1,7971|5,0000|10,0000
2026-06-08 20:28:29.703|0|165,5969|83,8249|2,7298|2,3070|5,0000|10,0000
2026-06-08 20:28:29.703|3|32,9765|204,9278|-2,6086|2,0519|5,0000|10,0000
2026-06-08 20:28:29.703|2|333,8625|203,1790|-0,8117|1,1274|5,0000|10,0000
2026-06-08 20:28:29.719|2|333,0508|204,3064|-0,8117|1,1274|5,0000|10,0000
2026-06-08 20:28:29.719|0|168,3267|86,1319|2,7298|2,3070|5,0000|10,0000
2026-06-08 20:28:29.719|4|71,0300|360,9801|-1,4645|1,7971|5,0000|10,0000
2026-06-08 20:28:29.719|1|156,7045|237,2485|-1,2738|-2,4246|5,0000|10,0000
2026-06-08 20:28:29.719|3|30,3680|206,9797|-2,6086|2,0519|5,0000|10,0000
2026-06-08 20:28:29.735|3|27,7594|209,0316|-2,6086|2,0519|5,0000|10,0000
2026-06-08 20:28:29.735|4|69,5654|362,7772|-1,4645|1,7971|5,0000|10,0000
2026-06-08 20:28:29.735|0|171,0564|88,4389|2,7298|2,3070|5,0000|10,0000
2026-06-08 20:28:29.735|2|332,2391|205,4338|-0,8117|1,1274|5,0000|10,0000
2026-06-08 20:28:29.735|1|155,4307|234,8239|-1,2738|-2,4246|5,0000|10,0000
2026-06-08 20:28:29.752|2|331,4274|206,5611|-0,8117|1,1274|5,0000|10,0000
2026-06-08 20:28:29.752|3|25,1509|211,0835|-2,6086|2,0519|5,0000|10,0000
2026-06-08 20:28:29.752|1|154,1569|232,3992|-1,2738|-2,4246|5,0000|10,0000
2026-06-08 20:28:29.752|0|173,7862|90,7460|2,7298|2,3070|5,0000|10,0000
2026-06-08 20:28:29.752|4|68,1009|364,5743|-1,4645|1,7971|5,0000|10,0000
2026-06-08 20:28:29.768|4|66,6364|366,3714|-1,4645|1,7971|5,0000|10,0000
2026-06-08 20:28:29.768|1|152,8832|229,9746|-1,2738|-2,4246|5,0000|10,0000
2026-06-08 20:28:29.768|3|22,5423|213,1353|-2,6086|2,0519|5,0000|10,0000
2026-06-08 20:28:29.768|0|176,5160|93,0530|2,7298|2,3070|5,0000|10,0000
2026-06-08 20:28:29.768|2|330,6157|207,6885|-0,8117|1,1274|5,0000|10,0000
2026-06-08 20:28:29.784|0|179,2457|95,3600|2,7298|2,3070|5,0000|10,0000
2026-06-08 20:28:29.784|2|329,8040|208,8158|-0,8117|1,1274|5,0000|10,0000
2026-06-08 20:28:29.784|3|19,9338|215,1872|-2,6086|2,0519|5,0000|10,0000
2026-06-08 20:28:29.784|1|151,6094|227,5500|-1,2738|-2,4246|5,0000|10,0000
2026-06-08 20:28:29.784|4|65,1719|368,1685|-1,4645|1,7971|5,0000|10,0000
2026-06-08 20:28:29.801|1|150,3356|225,1253|-1,2738|-2,4246|5,0000|10,0000
2026-06-08 20:28:29.801|0|181,9755|97,6670|2,7298|2,3070|5,0000|10,0000
2026-06-08 20:28:29.801|3|17,3252|217,2391|-2,6086|2,0519|5,0000|10,0000
2026-06-08 20:28:29.801|4|63,7073|369,9656|-1,4645|1,7971|5,0000|10,0000
2026-06-08 20:28:29.801|2|328,9923|209,9432|-0,8117|1,1274|5,0000|10,0000
2026-06-08 20:28:29.817|4|62,2428|371,7626|-1,4645|1,7971|5,0000|10,0000
2026-06-08 20:28:29.817|3|14,7167|219,2910|-2,6086|2,0519|5,0000|10,0000
2026-06-08 20:28:29.817|1|149,0618|222,7007|-1,2738|-2,4246|5,0000|10,0000
2026-06-08 20:28:29.817|0|184,7053|99,9741|2,7298|2,3070|5,0000|10,0000
2026-06-08 20:28:29.817|2|328,1805|211,0705|-0,8117|1,1274|5,0000|10,0000
2026-06-08 20:28:29.833|3|12,1081|221,3428|-2,6086|2,0519|5,0000|10,0000
2026-06-08 20:28:29.833|2|327,3688|212,1979|-0,8117|1,1274|5,0000|10,0000
2026-06-08 20:28:29.833|1|147,7881|220,2761|-1,2738|-2,4246|5,0000|10,0000
2026-06-08 20:28:29.833|0|187,4350|102,2811|2,7298|2,3070|5,0000|10,0000
2026-06-08 20:28:29.833|4|60,7783|373,5597|-1,4645|1,7971|5,0000|10,0000
2026-06-08 20:28:29.849|4|59,3137|375,3568|-1,4645|1,7971|5,0000|10,0000
2026-06-08 20:28:29.849|2|326,5571|213,3252|-0,8117|1,1274|5,0000|10,0000
2026-06-08 20:28:29.849|0|190,1648|104,5881|2,7298|2,3070|5,0000|10,0000
2026-06-08 20:28:29.849|1|146,5143|217,8515|-1,2738|-2,4246|5,0000|10,0000
2026-06-08 20:28:29.849|3|10,0000|223,3947|2,6086|2,0519|5,0000|10,0000
2026-06-08 20:28:29.865|3|12,6086|225,4466|2,6086|2,0519|5,0000|10,0000
2026-06-08 20:28:29.865|1|145,2405|215,4268|-1,2738|-2,4246|5,0000|10,0000
2026-06-08 20:28:29.865|0|192,8946|106,8951|2,7298|2,3070|5,0000|10,0000
2026-06-08 20:28:29.865|2|325,7454|214,4526|-0,8117|1,1274|5,0000|10,0000
2026-06-08 20:28:29.865|4|57,8492|377,1539|-1,4645|1,7971|5,0000|10,0000
2026-06-08 20:28:29.881|2|324,9337|215,5799|-0,8117|1,1274|5,0000|10,0000
2026-06-08 20:28:29.881|4|56,3847|378,9510|-1,4645|1,7971|5,0000|10,0000
2026-06-08 20:28:29.881|0|195,6244|109,2022|2,7298|2,3070|5,0000|10,0000
2026-06-08 20:28:29.881|1|143,9668|213,0022|-1,2738|-2,4246|5,0000|10,0000
2026-06-08 20:28:29.881|3|15,2171|227,4984|2,6086|2,0519|5,0000|10,0000
2026-06-08 20:28:29.898|3|17,8257|229,5503|2,6086|2,0519|5,0000|10,0000
2026-06-08 20:28:29.898|4|54,9202|380,7481|-1,4645|1,7971|5,0000|10,0000
2026-06-08 20:28:29.898|0|198,3541|111,5092|2,7298|2,3070|5,0000|10,0000
2026-06-08 20:28:29.898|1|142,6930|210,5776|-1,2738|-2,4246|5,0000|10,0000
2026-06-08 20:28:29.898|2|324,1220|216,7073|-0,8117|1,1274|5,0000|10,0000
2026-06-08 20:28:29.913|1|141,4192|208,1530|-1,2738|-2,4246|5,0000|10,0000
2026-06-08 20:28:29.913|0|201,0839|113,8162|2,7298|2,3070|5,0000|10,0000
2026-06-08 20:28:29.913|3|20,4342|231,6022|2,6086|2,0519|5,0000|10,0000
2026-06-08 20:28:29.913|4|53,4556|382,5451|-1,4645|1,7971|5,0000|10,0000
2026-06-08 20:28:29.913|2|323,3103|217,8346|-0,8117|1,1274|5,0000|10,0000
2026-06-08 20:28:29.930|2|322,4986|218,9620|-0,8117|1,1274|5,0000|10,0000
2026-06-08 20:28:29.930|4|51,9911|384,3422|-1,4645|1,7971|5,0000|10,0000
2026-06-08 20:28:29.930|0|203,8137|116,1233|2,7298|2,3070|5,0000|10,0000
2026-06-08 20:28:29.930|1|140,1455|205,7283|-1,2738|-2,4246|5,0000|10,0000
2026-06-08 20:28:29.930|3|23,0428|233,6541|2,6086|2,0519|5,0000|10,0000
2026-06-08 20:28:29.946|3|25,6513|235,7059|2,6086|2,0519|5,0000|10,0000
2026-06-08 20:28:29.946|1|138,8717|203,3037|-1,2738|-2,4246|5,0000|10,0000
2026-06-08 20:28:29.946|4|50,5266|386,1393|-1,4645|1,7971|5,0000|10,0000
2026-06-08 20:28:29.946|2|321,6869|220,0893|-0,8117|1,1274|5,0000|10,0000
2026-06-08 20:28:29.946|0|206,5434|118,4303|2,7298|2,3070|5,0000|10,0000
2026-06-08 20:28:29.962|2|320,8752|221,2167|-0,8117|1,1274|5,0000|10,0000
2026-06-08 20:28:29.962|1|137,5979|200,8791|-1,2738|-2,4246|5,0000|10,0000
2026-06-08 20:28:29.962|4|49,0620|387,9364|-1,4645|1,7971|5,0000|10,0000
2026-06-08 20:28:29.962|0|209,2732|120,7373|2,7298|2,3070|5,0000|10,0000
2026-06-08 20:28:29.962|3|28,2599|237,7578|2,6086|2,0519|5,0000|10,0000
2026-06-08 20:28:29.978|3|30,8684|239,8097|2,6086|2,0519|5,0000|10,0000
2026-06-08 20:28:29.978|1|136,3242|198,4544|-1,2738|-2,4246|5,0000|10,0000
2026-06-08 20:28:29.978|0|212,0030|123,0443|2,7298|2,3070|5,0000|10,0000
2026-06-08 20:28:29.978|2|320,0635|222,3440|-0,8117|1,1274|5,0000|10,0000
2026-06-08 20:28:29.978|4|47,5975|389,7335|-1,4645|1,7971|5,0000|10,0000
2026-06-08 20:28:29.994|0|214,7327|125,3514|2,7298|2,3070|5,0000|10,0000
2026-06-08 20:28:29.994|2|319,2518|223,4714|-0,8117|1,1274|5,0000|10,0000
2026-06-08 20:28:29.994|4|46,1330|390,0000|-1,4645|-1,7971|5,0000|10,0000
2026-06-08 20:28:29.994|1|135,0504|196,0298|-1,2738|-2,4246|5,0000|10,0000
2026-06-08 20:28:29.994|3|33,4770|241,8615|2,6086|2,0519|5,0000|10,0000
2026-06-08 20:28:30.010|4|44,6685|388,2029|-1,4645|-1,7971|5,0000|10,0000
2026-06-08 20:28:30.010|1|133,7766|193,6052|-1,2738|-2,4246|5,0000|10,0000
2026-06-08 20:28:30.010|0|217,4625|127,6584|2,7298|2,3070|5,0000|10,0000
2026-06-08 20:28:30.010|3|36,0855|243,9134|2,6086|2,0519|5,0000|10,0000
2026-06-08 20:28:30.010|2|318,4401|224,5987|-0,8117|1,1274|5,0000|10,0000
2026-06-08 20:28:30.026|2|317,6284|225,7261|-0,8117|1,1274|5,0000|10,0000
2026-06-08 20:28:30.026|0|220,1923|129,9654|2,7298|2,3070|5,0000|10,0000
2026-06-08 20:28:30.026|3|38,6941|245,9653|2,6086|2,0519|5,0000|10,0000
2026-06-08 20:28:30.026|4|43,2039|386,4058|-1,4645|-1,7971|5,0000|10,0000
2026-06-08 20:28:30.026|1|132,5028|191,1806|-1,2738|-2,4246|5,0000|10,0000
2026-06-08 20:28:30.042|3|41,3026|248,0172|2,6086|2,0519|5,0000|10,0000
2026-06-08 20:28:30.042|0|222,9221|132,2724|2,7298|2,3070|5,0000|10,0000
2026-06-08 20:28:30.042|4|41,7394|384,6087|-1,4645|-1,7971|5,0000|10,0000
2026-06-08 20:28:30.042|1|131,2291|188,7559|-1,2738|-2,4246|5,0000|10,0000
2026-06-08 20:28:30.042|2|316,8167|226,8535|-0,8117|1,1274|5,0000|10,0000
2026-06-08 20:28:30.058|1|129,9553|186,3313|-1,2738|-2,4246|5,0000|10,0000
2026-06-08 20:28:30.058|2|316,0050|227,9808|-0,8117|1,1274|5,0000|10,0000
2026-06-08 20:28:30.058|0|225,6518|134,5795|2,7298|2,3070|5,0000|10,0000
2026-06-08 20:28:30.058|4|40,2749|382,8117|-1,4645|-1,7971|5,0000|10,0000
2026-06-08 20:28:30.058|3|43,9112|250,0690|2,6086|2,0519|5,0000|10,0000
2026-06-08 20:28:30.075|4|38,8104|381,0146|-1,4645|-1,7971|5,0000|10,0000
2026-06-08 20:28:30.075|3|46,5197|252,1209|2,6086|2,0519|5,0000|10,0000
2026-06-08 20:28:30.075|0|228,3816|136,8865|2,7298|2,3070|5,0000|10,0000
2026-06-08 20:28:30.075|1|128,6815|183,9067|-1,2738|-2,4246|5,0000|10,0000
2026-06-08 20:28:30.075|2|315,1932|229,1082|-0,8117|1,1274|5,0000|10,0000
2026-06-08 20:28:30.091|2|314,3815|230,2355|-0,8117|1,1274|5,0000|10,0000
2026-06-08 20:28:30.091|3|49,1283|254,1728|2,6086|2,0519|5,0000|10,0000
2026-06-08 20:28:30.091|0|231,1114|139,1935|2,7298|2,3070|5,0000|10,0000
2026-06-08 20:28:30.091|4|37,3458|379,2175|-1,4645|-1,7971|5,0000|10,0000
2026-06-08 20:28:30.091|1|127,4078|181,4821|-1,2738|-2,4246|5,0000|10,0000
2026-06-08 20:28:30.107|1|126,1340|179,0574|-1,2738|-2,4246|5,0000|10,0000
2026-06-08 20:28:30.107|4|35,8813|377,4204|-1,4645|-1,7971|5,0000|10,0000
2026-06-08 20:28:30.107|3|51,7368|256,2247|2,6086|2,0519|5,0000|10,0000
2026-06-08 20:28:30.107|2|313,5698|231,3629|-0,8117|1,1274|5,0000|10,0000
2026-06-08 20:28:30.107|0|233,8411|141,5006|2,7298|2,3070|5,0000|10,0000
2026-06-08 20:28:30.123|0|236,5709|143,8076|2,7298|2,3070|5,0000|10,0000
2026-06-08 20:28:30.123|2|312,7581|232,4902|-0,8117|1,1274|5,0000|10,0000
2026-06-08 20:28:30.123|3|54,3454|258,2765|2,6086|2,0519|5,0000|10,0000
2026-06-08 20:28:30.123|1|124,8602|176,6328|-1,2738|-2,4246|5,0000|10,0000
2026-06-08 20:28:30.123|4|34,4168|375,6233|-1,4645|-1,7971|5,0000|10,0000
2026-06-08 20:28:30.139|0|239,3007|146,1146|2,7298|2,3070|5,0000|10,0000
2026-06-08 20:28:30.139|4|32,9522|373,8262|-1,4645|-1,7971|5,0000|10,0000
2026-06-08 20:28:30.139|1|123,5865|174,2082|-1,2738|-2,4246|5,0000|10,0000
2026-06-08 20:28:30.139|3|56,9539|260,3284|2,6086|2,0519|5,0000|10,0000
2026-06-08 20:28:30.139|2|311,9464|233,6176|-0,8117|1,1274|5,0000|10,0000
2026-06-08 20:28:30.155|2|311,1347|234,7449|-0,8117|1,1274|5,0000|10,0000
2026-06-08 20:28:30.155|1|122,3127|171,7835|-1,2738|-2,4246|5,0000|10,0000
2026-06-08 20:28:30.155|4|31,4877|372,0291|-1,4645|-1,7971|5,0000|10,0000
2026-06-08 20:28:30.155|0|242,0304|148,4216|2,7298|2,3070|5,0000|10,0000
2026-06-08 20:28:30.155|3|59,5625|262,3803|2,6086|2,0519|5,0000|10,0000
2026-06-08 20:28:30.172|0|244,7602|150,7287|2,7298|2,3070|5,0000|10,0000
2026-06-08 20:28:30.172|3|62,1710|264,4321|2,6086|2,0519|5,0000|10,0000
2026-06-08 20:28:30.172|4|30,0232|370,2321|-1,4645|-1,7971|5,0000|10,0000
2026-06-08 20:28:30.172|1|121,0389|169,3589|-1,2738|-2,4246|5,0000|10,0000
2026-06-08 20:28:30.172|2|310,3230|235,8723|-0,8117|1,1274|5,0000|10,0000
2026-06-08 20:28:30.188|2|309,5113|236,9996|-0,8117|1,1274|5,0000|10,0000
2026-06-08 20:28:30.188|4|28,5587|368,4350|-1,4645|-1,7971|5,0000|10,0000
2026-06-08 20:28:30.188|3|64,7796|266,4840|2,6086|2,0519|5,0000|10,0000
2026-06-08 20:28:30.188|0|247,4900|153,0357|2,7298|2,3070|5,0000|10,0000
2026-06-08 20:28:30.188|1|119,7652|166,9343|-1,2738|-2,4246|5,0000|10,0000
2026-06-08 20:28:30.205|0|250,2198|155,3427|2,7298|2,3070|5,0000|10,0000
2026-06-08 20:28:30.205|3|67,3881|268,5359|2,6086|2,0519|5,0000|10,0000
2026-06-08 20:28:30.205|4|27,0941|366,6379|-1,4645|-1,7971|5,0000|10,0000
2026-06-08 20:28:30.205|2|308,6996|238,1270|-0,8117|1,1274|5,0000|10,0000
2026-06-08 20:28:30.205|1|118,4914|164,5097|-1,2738|-2,4246|5,0000|10,0000
2026-06-08 20:28:30.221|1|117,2176|162,0850|-1,2738|-2,4246|5,0000|10,0000
2026-06-08 20:28:30.221|2|307,8879|239,2543|-0,8117|1,1274|5,0000|10,0000
2026-06-08 20:28:30.221|3|69,9967|270,5878|2,6086|2,0519|5,0000|10,0000
2026-06-08 20:28:30.221|4|25,6296|364,8408|-1,4645|-1,7971|5,0000|10,0000
2026-06-08 20:28:30.221|0|252,9495|157,6497|2,7298|2,3070|5,0000|10,0000
2026-06-08 20:28:30.237|0|255,6793|159,9568|2,7298|2,3070|5,0000|10,0000
2026-06-08 20:28:30.237|3|72,6052|272,6396|2,6086|2,0519|5,0000|10,0000
2026-06-08 20:28:30.237|4|24,1651|363,0437|-1,4645|-1,7971|5,0000|10,0000
2026-06-08 20:28:30.237|1|115,9439|159,6604|-1,2738|-2,4246|5,0000|10,0000
2026-06-08 20:28:30.237|2|307,0762|240,3817|-0,8117|1,1274|5,0000|10,0000
2026-06-08 20:28:30.253|2|306,2645|241,5090|-0,8117|1,1274|5,0000|10,0000
2026-06-08 20:28:30.253|1|114,6701|157,2358|-1,2738|-2,4246|5,0000|10,0000
2026-06-08 20:28:30.253|4|22,7005|361,2466|-1,4645|-1,7971|5,0000|10,0000
2026-06-08 20:28:30.253|3|75,2138|274,6915|2,6086|2,0519|5,0000|10,0000
2026-06-08 20:28:30.253|0|258,4091|162,2638|2,7298|2,3070|5,0000|10,0000
2026-06-08 20:28:30.270|0|261,1388|164,5708|2,7298|2,3070|5,0000|10,0000
2026-06-08 20:28:30.270|3|77,8223|276,7434|2,6086|2,0519|5,0000|10,0000
2026-06-08 20:28:30.270|4|21,2360|359,4495|-1,4645|-1,7971|5,0000|10,0000
2026-06-08 20:28:30.270|2|305,4528|242,6364|-0,8117|1,1274|5,0000|10,0000
2026-06-08 20:28:30.270|1|113,3963|154,8112|-1,2738|-2,4246|5,0000|10,0000
2026-06-08 20:28:30.286|0|263,8686|166,8779|2,7298|2,3070|5,0000|10,0000
2026-06-08 20:28:30.286|1|112,1225|152,3865|-1,2738|-2,4246|5,0000|10,0000
2026-06-08 20:28:30.286|2|304,6411|243,7637|-0,8117|1,1274|5,0000|10,0000
2026-06-08 20:28:30.286|4|19,7715|357,6525|-1,4645|-1,7971|5,0000|10,0000
2026-06-08 20:28:30.286|3|80,4309|278,7952|2,6086|2,0519|5,0000|10,0000
2026-06-08 20:28:30.302|1|110,8488|149,9619|-1,2738|-2,4246|5,0000|10,0000
2026-06-08 20:28:30.302|3|83,0394|280,8471|2,6086|2,0519|5,0000|10,0000
2026-06-08 20:28:30.302|4|18,3070|355,8554|-1,4645|-1,7971|5,0000|10,0000
2026-06-08 20:28:30.302|2|303,8294|244,8911|-0,8117|1,1274|5,0000|10,0000
2026-06-08 20:28:30.302|0|266,5984|169,1849|2,7298|2,3070|5,0000|10,0000
2026-06-08 20:28:30.318|2|303,0176|246,0184|-0,8117|1,1274|5,0000|10,0000
2026-06-08 20:28:30.318|1|109,5750|147,5373|-1,2738|-2,4246|5,0000|10,0000
2026-06-08 20:28:30.318|0|269,3281|171,4919|2,7298|2,3070|5,0000|10,0000
2026-06-08 20:28:30.318|3|85,6480|282,8990|2,6086|2,0519|5,0000|10,0000
2026-06-08 20:28:30.318|4|16,8424|354,0583|-1,4645|-1,7971|5,0000|10,0000
2026-06-08 20:28:30.334|0|272,0579|173,7989|2,7298|2,3070|5,0000|10,0000
2026-06-08 20:28:30.334|3|88,2566|284,9509|2,6086|2,0519|5,0000|10,0000
2026-06-08 20:28:30.334|4|15,3779|352,2612|-1,4645|-1,7971|5,0000|10,0000
2026-06-08 20:28:30.334|1|108,3012|145,1126|-1,2738|-2,4246|5,0000|10,0000
2026-06-08 20:28:30.334|2|302,2059|247,1458|-0,8117|1,1274|5,0000|10,0000
2026-06-08 20:28:30.350|1|107,0275|142,6880|-1,2738|-2,4246|5,0000|10,0000
2026-06-08 20:28:30.350|4|13,9134|350,4641|-1,4645|-1,7971|5,0000|10,0000
2026-06-08 20:28:30.350|3|90,8651|287,0027|2,6086|2,0519|5,0000|10,0000
2026-06-08 20:28:30.350|2|301,3942|248,2731|-0,8117|1,1274|5,0000|10,0000
2026-06-08 20:28:30.350|0|274,7877|176,1060|2,7298|2,3070|5,0000|10,0000
2026-06-08 20:28:30.366|0|277,5174|178,4130|2,7298|2,3070|5,0000|10,0000
2026-06-08 20:28:30.366|3|93,4737|289,0546|2,6086|2,0519|5,0000|10,0000
2026-06-08 20:28:30.366|4|12,4489|348,6670|-1,4645|-1,7971|5,0000|10,0000
2026-06-08 20:28:30.366|2|300,5825|249,4005|-0,8117|1,1274|5,0000|10,0000
2026-06-08 20:28:30.366|1|105,7537|140,2634|-1,2738|-2,4246|5,0000|10,0000
2026-06-08 20:28:30.382|4|10,9843|346,8699|-1,4645|-1,7971|5,0000|10,0000
2026-06-08 20:28:30.382|1|104,4799|137,8388|-1,2738|-2,4246|5,0000|10,0000
2026-06-08 20:28:30.382|2|299,7708|250,5279|-0,8117|1,1274|5,0000|10,0000
2026-06-08 20:28:30.382|3|96,0822|291,1065|2,6086|2,0519|5,0000|10,0000
2026-06-08 20:28:30.382|0|280,2472|180,7200|2,7298|2,3070|5,0000|10,0000
2026-06-08 20:28:30.398|0|282,9770|183,0270|2,7298|2,3070|5,0000|10,0000
2026-06-08 20:28:30.398|3|98,6908|293,1583|2,6086|2,0519|5,0000|10,0000
2026-06-08 20:28:30.398|2|298,9591|251,6552|-0,8117|1,1274|5,0000|10,0000
2026-06-08 20:28:30.398|1|103,2062|135,4141|-1,2738|-2,4246|5,0000|10,0000
2026-06-08 20:28:30.398|4|10,0000|345,0729|1,4645|-1,7971|5,0000|10,0000
2026-06-08 20:28:30.414|2|298,1474|252,7826|-0,8117|1,1274|5,0000|10,0000
2026-06-08 20:28:30.414|4|11,4645|343,2758|1,4645|-1,7971|5,0000|10,0000
2026-06-08 20:28:30.414|3|101,2993|295,2102|2,6086|2,0519|5,0000|10,0000
2026-06-08 20:28:30.414|0|285,7068|185,3341|2,7298|2,3070|5,0000|10,0000
2026-06-08 20:28:30.414|1|101,9324|132,9895|-1,2738|-2,4246|5,0000|10,0000
2026-06-08 20:28:30.430|3|103,9079|297,2621|2,6086|2,0519|5,0000|10,0000
2026-06-08 20:28:30.430|0|288,4365|187,6411|2,7298|2,3070|5,0000|10,0000
2026-06-08 20:28:30.430|1|100,6586|130,5649|-1,2738|-2,4246|5,0000|10,0000
2026-06-08 20:28:30.430|2|297,3357|253,9099|-0,8117|1,1274|5,0000|10,0000
2026-06-08 20:28:30.430|4|12,9291|341,4787|1,4645|-1,7971|5,0000|10,0000
2026-06-08 20:28:30.446|3|106,5164|299,3140|2,6086|2,0519|5,0000|10,0000
2026-06-08 20:28:30.446|2|296,5240|255,0373|-0,8117|1,1274|5,0000|10,0000
2026-06-08 20:28:30.446|1|99,3849|128,1403|-1,2738|-2,4246|5,0000|10,0000
2026-06-08 20:28:30.446|0|291,1663|189,9481|2,7298|2,3070|5,0000|10,0000
2026-06-08 20:28:30.446|4|14,3936|339,6816|1,4645|-1,7971|5,0000|10,0000
2026-06-08 20:28:30.462|4|15,8581|337,8845|1,4645|-1,7971|5,0000|10,0000
2026-06-08 20:28:30.462|0|293,8961|192,2552|2,7298|2,3070|5,0000|10,0000
2026-06-08 20:28:30.462|1|98,1111|125,7156|-1,2738|-2,4246|5,0000|10,0000
2026-06-08 20:28:30.462|2|295,7123|256,1646|-0,8117|1,1274|5,0000|10,0000
2026-06-08 20:28:30.462|3|109,1250|301,3658|2,6086|2,0519|5,0000|10,0000
2026-06-08 20:28:30.479|3|111,7335|303,4177|2,6086|2,0519|5,0000|10,0000
2026-06-08 20:28:30.479|1|96,8373|123,2910|-1,2738|-2,4246|5,0000|10,0000
2026-06-08 20:28:30.479|2|294,9006|257,2920|-0,8117|1,1274|5,0000|10,0000
2026-06-08 20:28:30.479|4|17,3226|336,0874|1,4645|-1,7971|5,0000|10,0000
2026-06-08 20:28:30.479|0|296,6258|194,5622|2,7298|2,3070|5,0000|10,0000
2026-06-08 20:28:30.495|4|18,7872|334,2904|1,4645|-1,7971|5,0000|10,0000
2026-06-08 20:28:30.495|1|95,5635|120,8664|-1,2738|-2,4246|5,0000|10,0000
2026-06-08 20:28:30.495|2|294,0889|258,4193|-0,8117|1,1274|5,0000|10,0000
2026-06-08 20:28:30.495|0|299,3556|196,8692|2,7298|2,3070|5,0000|10,0000
2026-06-08 20:28:30.495|3|114,3421|305,4696|2,6086|2,0519|5,0000|10,0000
2026-06-08 20:28:30.511|0|302,0854|199,1762|2,7298|2,3070|5,0000|10,0000
2026-06-08 20:28:30.511|4|20,2517|332,4933|1,4645|-1,7971|5,0000|10,0000
2026-06-08 20:28:30.511|3|116,9506|307,5215|2,6086|2,0519|5,0000|10,0000
2026-06-08 20:28:30.511|2|293,2772|259,5467|-0,8117|1,1274|5,0000|10,0000
2026-06-08 20:28:30.511|1|94,2898|118,4417|-1,2738|-2,4246|5,0000|10,0000
